proguard/seeds.txt
com.google.api.services.drive.Drive$Replies$List: java.lang.String fileId
com.google.api.services.drive.Drive$Replies$List: java.lang.String commentId
com.google.api.services.drive.Drive$Replies$List: java.lang.String pageToken
com.google.api.services.drive.Drive$Replies$List: java.lang.Boolean includeDeleted
com.google.api.services.drive.Drive$Replies$List: java.lang.Integer maxResults
com.google.api.services.drive.Drive$Replies$Patch: java.lang.String fileId
com.google.api.services.drive.Drive$Replies$Patch: java.lang.String commentId
com.google.api.services.drive.Drive$Replies$Patch: java.lang.String replyId
com.google.api.services.drive.Drive$Replies$Update: java.lang.String fileId
com.google.api.services.drive.Drive$Replies$Update: java.lang.String commentId
com.google.api.services.drive.Drive$Replies$Update: java.lang.String replyId
com.google.api.services.drive.Drive$Revisions$Delete: java.lang.String fileId
com.google.api.services.drive.Drive$Revisions$Delete: java.lang.String revisionId
com.google.api.services.drive.Drive$Revisions$Get: java.lang.String fileId
com.google.api.services.drive.Drive$Revisions$Get: java.lang.String revisionId
com.google.api.services.drive.Drive$Revisions$List: java.lang.String fileId
com.google.api.services.drive.Drive$Revisions$Patch: java.lang.String fileId
com.google.api.services.drive.Drive$Revisions$Patch: java.lang.String revisionId
com.google.api.services.drive.Drive$Revisions$Update: java.lang.String fileId
com.google.api.services.drive.Drive$Revisions$Update: java.lang.String revisionId
com.google.api.services.drive.DriveRequest: java.lang.String alt
com.google.api.services.drive.DriveRequest: java.lang.String fields
com.google.api.services.drive.DriveRequest: java.lang.String key
com.google.api.services.drive.DriveRequest: java.lang.String oauthToken
com.google.api.services.drive.DriveRequest: java.lang.Boolean prettyPrint
com.google.api.services.drive.DriveRequest: java.lang.String quotaUser
com.google.api.services.drive.DriveRequest: java.lang.String userIp
com.google.api.services.drive.model.About: java.util.List additionalRoleInfo
com.google.api.services.drive.model.About: java.lang.String domainSharingPolicy
com.google.api.services.drive.model.About: java.lang.String etag
com.google.api.services.drive.model.About: java.util.List exportFormats
com.google.api.services.drive.model.About: java.util.List features
com.google.api.services.drive.model.About: java.util.List importFormats
com.google.api.services.drive.model.About: java.lang.Boolean isCurrentAppInstalled
com.google.api.services.drive.model.About: java.lang.String kind
com.google.api.services.drive.model.About: java.lang.Long largestChangeId
com.google.api.services.drive.model.About: java.util.List maxUploadSizes
com.google.api.services.drive.model.About: java.lang.String name
com.google.api.services.drive.model.About: java.lang.String permissionId
com.google.api.services.drive.model.About: java.lang.Long quotaBytesTotal
com.google.api.services.drive.model.About: java.lang.Long quotaBytesUsed
com.google.api.services.drive.model.About: java.lang.Long quotaBytesUsedAggregate
com.google.api.services.drive.model.About: java.lang.Long quotaBytesUsedInTrash
com.google.api.services.drive.model.About: java.lang.Long remainingChangeIds
com.google.api.services.drive.model.About: java.lang.String rootFolderId
com.google.api.services.drive.model.About: java.lang.String selfLink
com.google.api.services.drive.model.About: com.google.api.services.drive.model.User user
com.google.api.services.drive.model.About$AdditionalRoleInfo: java.util.List roleSets
com.google.api.services.drive.model.About$AdditionalRoleInfo: java.lang.String type
com.google.api.services.drive.model.About$AdditionalRoleInfo$RoleSets: java.util.List additionalRoles
com.google.api.services.drive.model.About$AdditionalRoleInfo$RoleSets: java.lang.String primaryRole