proguard/mapping.txt
com.google.gson.JsonSerializationContext -> com.google.a.z:
com.google.gson.JsonSyntaxException -> com.google.a.aa:
com.google.gson.LongSerializationPolicy -> com.google.a.ab:
    com.google.gson.LongSerializationPolicy DEFAULT -> a
    com.google.gson.LongSerializationPolicy STRING -> b
    com.google.gson.LongSerializationPolicy[] $VALUES -> c
    com.google.gson.LongSerializationPolicy[] values() -> values
    com.google.gson.LongSerializationPolicy valueOf(java.lang.String) -> valueOf
com.google.gson.LongSerializationPolicy$1 -> com.google.a.ac:
com.google.gson.LongSerializationPolicy$2 -> com.google.a.ad:
com.google.gson.TypeAdapter -> com.google.a.ae:
    void write(com.google.gson.stream.JsonWriter,java.lang.Object) -> a
    com.google.gson.JsonElement toJsonTree(java.lang.Object) -> a
    java.lang.Object read(com.google.gson.stream.JsonReader) -> b
com.google.gson.TypeAdapterFactory -> com.google.a.af:
    com.google.gson.TypeAdapter create(com.google.gson.Gson,com.google.gson.reflect.TypeToken) -> a
com.google.gson.annotations.Expose -> com.google.a.a.a:
    boolean serialize() -> a
    boolean deserialize() -> b
com.google.gson.annotations.SerializedName -> com.google.a.a.b:
    java.lang.String value() -> a
com.google.gson.annotations.Since -> com.google.a.a.c:
    double value() -> a
com.google.gson.annotations.Until -> com.google.a.a.d:
    double value() -> a
com.google.gson.internal.$Gson$Preconditions -> com.google.a.b.a:
    java.lang.Object checkNotNull(java.lang.Object) -> a
    void checkArgument(boolean) -> a
com.google.gson.internal.$Gson$Types -> com.google.a.b.b:
    java.lang.reflect.Type[] EMPTY_TYPE_ARRAY -> a
    java.lang.reflect.ParameterizedType newParameterizedTypeWithOwner(java.lang.reflect.Type,java.lang.reflect.Type,java.lang.reflect.Type[]) -> a
    java.lang.reflect.GenericArrayType arrayOf(java.lang.reflect.Type) -> a
    java.lang.reflect.WildcardType subtypeOf(java.lang.reflect.Type) -> b
    java.lang.reflect.WildcardType supertypeOf(java.lang.reflect.Type) -> c
    java.lang.reflect.Type canonicalize(java.lang.reflect.Type) -> d
    java.lang.Class getRawType(java.lang.reflect.Type) -> e
    boolean equal(java.lang.Object,java.lang.Object) -> a
    boolean equals(java.lang.reflect.Type,java.lang.reflect.Type) -> a
    int hashCodeOrZero(java.lang.Object) -> b
    java.lang.String typeToString(java.lang.reflect.Type) -> f
    java.lang.reflect.Type getGenericSupertype(java.lang.reflect.Type,java.lang.Class,java.lang.Class) -> a
    java.lang.reflect.Type getSupertype(java.lang.reflect.Type,java.lang.Class,java.lang.Class) -> b
    java.lang.reflect.Type getArrayComponentType(java.lang.reflect.Type) -> g
    java.lang.reflect.Type getCollectionElementType(java.lang.reflect.Type,java.lang.Class) -> a
    java.lang.reflect.Type[] getMapKeyAndValueTypes(java.lang.reflect.Type,java.lang.Class) -> b
    java.lang.reflect.Type resolve(java.lang.reflect.Type,java.lang.Class,java.lang.reflect.Type) -> a
com.google.gson.internal.$Gson$Types$GenericArrayTypeImpl -> com.google.a.b.c:
    java.lang.reflect.Type componentType -> a
    java.lang.reflect.Type getGenericComponentType() -> getGenericComponentType
    boolean equals(java.lang.Object) -> equals
    int hashCode() -> hashCode
    java.lang.String toString() -> toString
com.google.gson.internal.$Gson$Types$ParameterizedTypeImpl -> com.google.a.b.d:
    java.lang.reflect.Type ownerType -> a
    java.lang.reflect.Type rawType -> b
    java.lang.reflect.Type[] typeArguments -> c
    java.lang.reflect.Type[] getActualTypeArguments() -> getActualTypeArguments
    java.lang.reflect.Type getRawType() -> getRawType
    java.lang.reflect.Type getOwnerType() -> getOwnerType
    boolean equals(java.lang.Object) -> equals
    int hashCode() -> hashCode
    java.lang.String toString() -> toString